Analysis & Synthesis report for videoSync
Wed May 11 15:09:32 2022
Quartus Prime Version 20.1.1 Build 720 11/11/2020 SJ Lite Edition


---------------------
; Table of Contents ;
---------------------
  1. Legal Notice
  2. Analysis & Synthesis Summary
  3. Analysis & Synthesis Settings
  4. Parallel Compilation
  5. Analysis & Synthesis Source Files Read
  6. Analysis & Synthesis Resource Usage Summary
  7. Analysis & Synthesis Resource Utilization by Entity
  8. Registers Removed During Synthesis
  9. General Register Statistics
 10. Multiplexer Restructuring Statistics (Restructuring Performed)
 11. Parameter Settings for User Entity Instance: Top-level Entity: |videoSync
 12. Parameter Settings for User Entity Instance: sync_video:video1
 13. Parameter Settings for User Entity Instance: pattern_vg:pattern1
 14. Port Connectivity Checks: "pattern_vg:pattern1"
 15. Port Connectivity Checks: "sync_video:video1"
 16. Post-Synthesis Netlist Statistics for Top Partition
 17. Elapsed Time Per Partition
 18. Analysis & Synthesis Messages



----------------
; Legal Notice ;
----------------
Copyright (C) 2020  Intel Corporation. All rights reserved.
Your use of Intel Corporation's design tools, logic functions 
and other software and tools, and any partner logic 
functions, and any output files from any of the foregoing 
(including device programming or simulation files), and any 
associated documentation or information are expressly subject 
to the terms and conditions of the Intel Program License 
Subscription Agreement, the Intel Quartus Prime License Agreement,
the Intel FPGA IP License Agreement, or other applicable license
agreement, including, without limitation, that your use is for
the sole purpose of programming logic devices manufactured by
Intel and sold by Intel or its authorized distributors.  Please
refer to the applicable agreement for further details, at
https://fpgasoftware.intel.com/eula.



+-------------------------------------------------------------------------------+
; Analysis & Synthesis Summary                                                  ;
+---------------------------------+---------------------------------------------+
; Analysis & Synthesis Status     ; Successful - Wed May 11 15:09:32 2022       ;
; Quartus Prime Version           ; 20.1.1 Build 720 11/11/2020 SJ Lite Edition ;
; Revision Name                   ; videoSync                                   ;
; Top-level Entity Name           ; videoSync                                   ;
; Family                          ; Cyclone V                                   ;
; Logic utilization (in ALMs)     ; N/A                                         ;
; Total registers                 ; 98                                          ;
; Total pins                      ; 48                                          ;
; Total virtual pins              ; 0                                           ;
; Total block memory bits         ; 0                                           ;
; Total DSP Blocks                ; 0                                           ;
; Total HSSI RX PCSs              ; 0                                           ;
; Total HSSI PMA RX Deserializers ; 0                                           ;
; Total HSSI TX PCSs              ; 0                                           ;
; Total HSSI PMA TX Serializers   ; 0                                           ;
; Total PLLs                      ; 0                                           ;
; Total DLLs                      ; 0                                           ;
+---------------------------------+---------------------------------------------+


+---------------------------------------------------------------------------------------------------------------------------+
; Analysis & Synthesis Settings                                                                                             ;
+---------------------------------------------------------------------------------+--------------------+--------------------+
; Option                                                                          ; Setting            ; Default Value      ;
+---------------------------------------------------------------------------------+--------------------+--------------------+
; Device                                                                          ; 5CSEBA6U23I7       ;                    ;
; Top-level entity name                                                           ; videoSync          ; videoSync          ;
; Family name                                                                     ; Cyclone V          ; Cyclone V          ;
; Use smart compilation                                                           ; Off                ; Off                ;
; Enable parallel Assembler and Timing Analyzer during compilation                ; On                 ; On                 ;
; Enable compact report table                                                     ; Off                ; Off                ;
; Restructure Multiplexers                                                        ; Auto               ; Auto               ;
; MLAB Add Timing Constraints For Mixed-Port Feed-Through Mode Setting Don't Care ; Off                ; Off                ;
; Create Debugging Nodes for IP Cores                                             ; Off                ; Off                ;
; Preserve fewer node names                                                       ; On                 ; On                 ;
; Intel FPGA IP Evaluation Mode                                                   ; Enable             ; Enable             ;
; Verilog Version                                                                 ; Verilog_2001       ; Verilog_2001       ;
; VHDL Version                                                                    ; VHDL_1993          ; VHDL_1993          ;
; State Machine Processing                                                        ; Auto               ; Auto               ;
; Safe State Machine                                                              ; Off                ; Off                ;
; Extract Verilog State Machines                                                  ; On                 ; On                 ;
; Extract VHDL State Machines                                                     ; On                 ; On                 ;
; Ignore Verilog initial constructs                                               ; Off                ; Off                ;
; Iteration limit for constant Verilog loops                                      ; 5000               ; 5000               ;
; Iteration limit for non-constant Verilog loops                                  ; 250                ; 250                ;
; Add Pass-Through Logic to Inferred RAMs                                         ; On                 ; On                 ;
; Infer RAMs from Raw Logic                                                       ; On                 ; On                 ;
; Parallel Synthesis                                                              ; On                 ; On                 ;
; DSP Block Balancing                                                             ; Auto               ; Auto               ;
; NOT Gate Push-Back                                                              ; On                 ; On                 ;
; Power-Up Don't Care                                                             ; On                 ; On                 ;
; Remove Redundant Logic Cells                                                    ; Off                ; Off                ;
; Remove Duplicate Registers                                                      ; On                 ; On                 ;
; Ignore CARRY Buffers                                                            ; Off                ; Off                ;
; Ignore CASCADE Buffers                                                          ; Off                ; Off                ;
; Ignore GLOBAL Buffers                                                           ; Off                ; Off                ;
; Ignore ROW GLOBAL Buffers                                                       ; Off                ; Off                ;
; Ignore LCELL Buffers                                                            ; Off                ; Off                ;
; Ignore SOFT Buffers                                                             ; On                 ; On                 ;
; Limit AHDL Integers to 32 Bits                                                  ; Off                ; Off                ;
; Optimization Technique                                                          ; Balanced           ; Balanced           ;
; Carry Chain Length                                                              ; 70                 ; 70                 ;
; Auto Carry Chains                                                               ; On                 ; On                 ;
; Auto Open-Drain Pins                                                            ; On                 ; On                 ;
; Perform WYSIWYG Primitive Resynthesis                                           ; Off                ; Off                ;
; Auto ROM Replacement                                                            ; On                 ; On                 ;
; Auto RAM Replacement                                                            ; On                 ; On                 ;
; Auto DSP Block Replacement                                                      ; On                 ; On                 ;
; Auto Shift Register Replacement                                                 ; Auto               ; Auto               ;
; Allow Shift Register Merging across Hierarchies                                 ; Auto               ; Auto               ;
; Auto Clock Enable Replacement                                                   ; On                 ; On                 ;
; Strict RAM Replacement                                                          ; Off                ; Off                ;
; Allow Synchronous Control Signals                                               ; On                 ; On                 ;
; Force Use of Synchronous Clear Signals                                          ; Off                ; Off                ;
; Auto Resource Sharing                                                           ; Off                ; Off                ;
; Allow Any RAM Size For Recognition                                              ; Off                ; Off                ;
; Allow Any ROM Size For Recognition                                              ; Off                ; Off                ;
; Allow Any Shift Register Size For Recognition                                   ; Off                ; Off                ;
; Use LogicLock Constraints during Resource Balancing                             ; On                 ; On                 ;
; Ignore translate_off and synthesis_off directives                               ; Off                ; Off                ;
; Timing-Driven Synthesis                                                         ; On                 ; On                 ;
; Report Parameter Settings                                                       ; On                 ; On                 ;
; Report Source Assignments                                                       ; On                 ; On                 ;
; Report Connectivity Checks                                                      ; On                 ; On                 ;
; Ignore Maximum Fan-Out Assignments                                              ; Off                ; Off                ;
; Synchronization Register Chain Length                                           ; 3                  ; 3                  ;
; Power Optimization During Synthesis                                             ; Normal compilation ; Normal compilation ;
; HDL message level                                                               ; Level2             ; Level2             ;
; Suppress Register Optimization Related Messages                                 ; Off                ; Off                ;
; Number of Removed Registers Reported in Synthesis Report                        ; 5000               ; 5000               ;
; Number of Swept Nodes Reported in Synthesis Report                              ; 5000               ; 5000               ;
; Number of Inverted Registers Reported in Synthesis Report                       ; 100                ; 100                ;
; Clock MUX Protection                                                            ; On                 ; On                 ;
; Auto Gated Clock Conversion                                                     ; Off                ; Off                ;
; Block Design Naming                                                             ; Auto               ; Auto               ;
; SDC constraint protection                                                       ; Off                ; Off                ;
; Synthesis Effort                                                                ; Auto               ; Auto               ;
; Shift Register Replacement - Allow Asynchronous Clear Signal                    ; On                 ; On                 ;
; Pre-Mapping Resynthesis Optimization                                            ; Off                ; Off                ;
; Analysis & Synthesis Message Level                                              ; Medium             ; Medium             ;
; Disable Register Merging Across Hierarchies                                     ; Auto               ; Auto               ;
; Resource Aware Inference For Block RAM                                          ; On                 ; On                 ;
; Automatic Parallel Synthesis                                                    ; On                 ; On                 ;
; Partial Reconfiguration Bitstream ID                                            ; Off                ; Off                ;
+---------------------------------------------------------------------------------+--------------------+--------------------+


+------------------------------------------+
; Parallel Compilation                     ;
+----------------------------+-------------+
; Processors                 ; Number      ;
+----------------------------+-------------+
; Number detected on machine ; 8           ;
; Maximum allowed            ; 4           ;
;                            ;             ;
; Average used               ; 1.00        ;
; Maximum used               ; 4           ;
;                            ;             ;
; Usage by Processor         ; % Time Used ;
;     Processor 1            ; 100.0%      ;
;     Processors 2-4         ;   0.0%      ;
+----------------------------+-------------+


+------------------------------------------------------------------------------------------------------------------------------------+
; Analysis & Synthesis Source Files Read                                                                                             ;
+----------------------------------+-----------------+------------------------+--------------------------------------------+---------+
; File Name with User-Entered Path ; Used in Netlist ; File Type              ; File Name with Absolute Path               ; Library ;
+----------------------------------+-----------------+------------------------+--------------------------------------------+---------+
; videoSync.v                      ; yes             ; User Verilog HDL File  ; C:/AdvDigDes/videoSyncExample/videoSync.v  ;         ;
; sync_video.v                     ; yes             ; User Verilog HDL File  ; C:/AdvDigDes/videoSyncExample/sync_video.v ;         ;
; pattern_vg.v                     ; yes             ; User Verilog HDL File  ; C:/AdvDigDes/videoSyncExample/pattern_vg.v ;         ;
+----------------------------------+-----------------+------------------------+--------------------------------------------+---------+


+------------------------------------------------------------+
; Analysis & Synthesis Resource Usage Summary                ;
+---------------------------------------------+--------------+
; Resource                                    ; Usage        ;
+---------------------------------------------+--------------+
; Estimate of Logic utilization (ALMs needed) ; 64           ;
;                                             ;              ;
; Combinational ALUT usage for logic          ; 110          ;
;     -- 7 input functions                    ; 0            ;
;     -- 6 input functions                    ; 7            ;
;     -- 5 input functions                    ; 33           ;
;     -- 4 input functions                    ; 7            ;
;     -- <=3 input functions                  ; 63           ;
;                                             ;              ;
; Dedicated logic registers                   ; 98           ;
;                                             ;              ;
; I/O pins                                    ; 48           ;
;                                             ;              ;
; Total DSP Blocks                            ; 0            ;
;                                             ;              ;
; Maximum fan-out node                        ; clk_in~input ;
; Maximum fan-out                             ; 99           ;
; Total fan-out                               ; 732          ;
; Average fan-out                             ; 2.41         ;
+---------------------------------------------+--------------+


+---------------------------------------------------------------------------------------------------------------------------------------------------------------------------------------------------+
; Analysis & Synthesis Resource Utilization by Entity                                                                                                                                               ;
+----------------------------+---------------------+---------------------------+-------------------+------------+------+--------------+--------------------------------+-------------+--------------+
; Compilation Hierarchy Node ; Combinational ALUTs ; Dedicated Logic Registers ; Block Memory Bits ; DSP Blocks ; Pins ; Virtual Pins ; Full Hierarchy Name            ; Entity Name ; Library Name ;
+----------------------------+---------------------+---------------------------+-------------------+------------+------+--------------+--------------------------------+-------------+--------------+
; |videoSync                 ; 110 (0)             ; 98 (27)                   ; 0                 ; 0          ; 48   ; 0            ; |videoSync                     ; videoSync   ; work         ;
;    |pattern_vg:pattern1|   ; 48 (48)             ; 31 (31)                   ; 0                 ; 0          ; 0    ; 0            ; |videoSync|pattern_vg:pattern1 ; pattern_vg  ; work         ;
;    |sync_video:video1|     ; 62 (62)             ; 40 (40)                   ; 0                 ; 0          ; 0    ; 0            ; |videoSync|sync_video:video1   ; sync_video  ; work         ;
+----------------------------+---------------------+---------------------------+-------------------+------------+------+--------------+--------------------------------+-------------+--------------+
Note: For table entries with two numbers listed, the numbers in parentheses indicate the number of resources of the given type used by the specific entity alone. The numbers listed outside of parentheses indicate the total resources of the given type used by the specific entity and all of its sub-entities in the hierarchy.


+-------------------------------------------------------------------------------------+
; Registers Removed During Synthesis                                                  ;
+----------------------------------------+--------------------------------------------+
; Register name                          ; Reason for Removal                         ;
+----------------------------------------+--------------------------------------------+
; adv7511_d[0]~reg0                      ; Stuck at GND due to stuck port data_in     ;
; adv7511_d[1]~reg0                      ; Stuck at GND due to stuck port data_in     ;
; adv7511_d[2]~reg0                      ; Stuck at GND due to stuck port data_in     ;
; adv7511_d[3]~reg0                      ; Stuck at GND due to stuck port data_in     ;
; adv7511_d[12]~reg0                     ; Stuck at GND due to stuck port data_in     ;
; adv7511_d[13]~reg0                     ; Stuck at GND due to stuck port data_in     ;
; adv7511_d[14]~reg0                     ; Stuck at GND due to stuck port data_in     ;
; adv7511_d[15]~reg0                     ; Stuck at GND due to stuck port data_in     ;
; adv7511_d[24]~reg0                     ; Stuck at GND due to stuck port data_in     ;
; adv7511_d[25]~reg0                     ; Stuck at GND due to stuck port data_in     ;
; adv7511_d[26]~reg0                     ; Stuck at GND due to stuck port data_in     ;
; adv7511_d[27]~reg0                     ; Stuck at GND due to stuck port data_in     ;
; sync_video:video1|y_out[0..11]         ; Lost fanout                                ;
; pattern_vg:pattern1|g_out[0]           ; Merged with pattern_vg:pattern1|b_out[0]   ;
; pattern_vg:pattern1|r_out[0]           ; Merged with pattern_vg:pattern1|b_out[0]   ;
; pattern_vg:pattern1|g_out[1]           ; Merged with pattern_vg:pattern1|b_out[1]   ;
; pattern_vg:pattern1|r_out[1]           ; Merged with pattern_vg:pattern1|b_out[1]   ;
; pattern_vg:pattern1|g_out[2]           ; Merged with pattern_vg:pattern1|b_out[2]   ;
; pattern_vg:pattern1|r_out[2]           ; Merged with pattern_vg:pattern1|b_out[2]   ;
; pattern_vg:pattern1|g_out[3]           ; Merged with pattern_vg:pattern1|b_out[3]   ;
; pattern_vg:pattern1|r_out[3]           ; Merged with pattern_vg:pattern1|b_out[3]   ;
; pattern_vg:pattern1|g_out[4]           ; Merged with pattern_vg:pattern1|b_out[4]   ;
; pattern_vg:pattern1|r_out[4]           ; Merged with pattern_vg:pattern1|b_out[4]   ;
; pattern_vg:pattern1|g_out[5]           ; Merged with pattern_vg:pattern1|b_out[5]   ;
; pattern_vg:pattern1|r_out[5]           ; Merged with pattern_vg:pattern1|b_out[5]   ;
; pattern_vg:pattern1|g_out[6]           ; Merged with pattern_vg:pattern1|b_out[6]   ;
; pattern_vg:pattern1|r_out[6]           ; Merged with pattern_vg:pattern1|b_out[6]   ;
; pattern_vg:pattern1|g_out[7]           ; Merged with pattern_vg:pattern1|b_out[7]   ;
; pattern_vg:pattern1|r_out[7]           ; Merged with pattern_vg:pattern1|b_out[7]   ;
; sync_video:video1|hv_offset[1..11]     ; Merged with sync_video:video1|hv_offset[0] ;
; sync_video:video1|v_bp[0,1,3,5..11]    ; Merged with sync_video:video1|hv_offset[0] ;
; sync_video:video1|v_fp[1,3..11]        ; Merged with sync_video:video1|hv_offset[0] ;
; sync_video:video1|v_sync[1,3..11]      ; Merged with sync_video:video1|hv_offset[0] ;
; sync_video:video1|v_total[0,4,8,10,11] ; Merged with sync_video:video1|hv_offset[0] ;
; sync_video:video1|v_bp[4]              ; Merged with sync_video:video1|v_bp[2]      ;
; sync_video:video1|v_sync[0,2]          ; Merged with sync_video:video1|v_bp[2]      ;
; sync_video:video1|v_total[1..3,5..7,9] ; Merged with sync_video:video1|v_bp[2]      ;
; sync_video:video1|v_fp[2]              ; Merged with sync_video:video1|v_fp[0]      ;
; sync_video:video1|hv_offset[0]         ; Stuck at GND due to stuck port data_in     ;
; sync_video:video1|v_fp[0]              ; Stuck at VCC due to stuck port data_in     ;
; Total Number of Removed Registers = 99 ;                                            ;
+----------------------------------------+--------------------------------------------+


+------------------------------------------------------+
; General Register Statistics                          ;
+----------------------------------------------+-------+
; Statistic                                    ; Value ;
+----------------------------------------------+-------+
; Total registers                              ; 98    ;
; Number of registers using Synchronous Clear  ; 47    ;
; Number of registers using Synchronous Load   ; 0     ;
; Number of registers using Asynchronous Clear ; 0     ;
; Number of registers using Asynchronous Load  ; 0     ;
; Number of registers using Clock Enable       ; 52    ;
; Number of registers using Preset             ; 0     ;
+----------------------------------------------+-------+


+--------------------------------------------------------------------------------------------------------------------------------------------------------------+
; Multiplexer Restructuring Statistics (Restructuring Performed)                                                                                               ;
+--------------------+-----------+---------------+----------------------+------------------------+------------+------------------------------------------------+
; Multiplexer Inputs ; Bus Width ; Baseline Area ; Area if Restructured ; Saving if Restructured ; Registered ; Example Multiplexer Output                     ;
+--------------------+-----------+---------------+----------------------+------------------------+------------+------------------------------------------------+
; 3:1                ; 12 bits   ; 24 LEs        ; 0 LEs                ; 24 LEs                 ; Yes        ; |videoSync|sync_video:video1|h_count[5]        ;
; 3:1                ; 2 bits    ; 4 LEs         ; 2 LEs                ; 2 LEs                  ; Yes        ; |videoSync|sync_video:video1|v_fp[0]           ;
; 4:1                ; 12 bits   ; 24 LEs        ; 0 LEs                ; 24 LEs                 ; Yes        ; |videoSync|sync_video:video1|v_count[4]        ;
; 5:1                ; 20 bits   ; 60 LEs        ; 20 LEs               ; 40 LEs                 ; Yes        ; |videoSync|pattern_vg:pattern1|ramp_values[12] ;
+--------------------+-----------+---------------+----------------------+------------------------+------------+------------------------------------------------+


+---------------------------------------------------------------------------+
; Parameter Settings for User Entity Instance: Top-level Entity: |videoSync ;
+-------------------+----------------------+--------------------------------+
; Parameter Name    ; Value                ; Type                           ;
+-------------------+----------------------+--------------------------------+
; V_TOTAL_0         ; 001011101110         ; Unsigned Binary                ;
; V_FP_0            ; 000000000101         ; Unsigned Binary                ;
; V_BP_0            ; 000000010100         ; Unsigned Binary                ;
; V_SYNC_0          ; 000000000101         ; Unsigned Binary                ;
; V_TOTAL_1         ; 000000000000         ; Unsigned Binary                ;
; V_FP_1            ; 000000000000         ; Unsigned Binary                ;
; V_BP_1            ; 000000000000         ; Unsigned Binary                ;
; V_SYNC_1          ; 000000000000         ; Unsigned Binary                ;
; H_TOTAL           ; 011001110010         ; Unsigned Binary                ;
; H_FP              ; 000001101110         ; Unsigned Binary                ;
; H_BP              ; 000011011100         ; Unsigned Binary                ;
; H_SYNC            ; 000000101000         ; Unsigned Binary                ;
; HV_OFFSET_0       ; 000000000000         ; Unsigned Binary                ;
; HV_OFFSET_1       ; 000000000000         ; Unsigned Binary                ;
; PATTERN_RAMP_STEP ; 00000000001100110011 ; Unsigned Binary                ;
; PATTERN_TYPE      ; 00000100             ; Unsigned Binary                ;
+-------------------+----------------------+--------------------------------+
Note: In order to hide this table in the UI and the text report file, please set the "Show Parameter Settings in Synthesis Report" option in "Analysis and Synthesis Settings -> More Settings" to "Off".


+----------------------------------------------------------------+
; Parameter Settings for User Entity Instance: sync_video:video1 ;
+----------------+-------+---------------------------------------+
; Parameter Name ; Value ; Type                                  ;
+----------------+-------+---------------------------------------+
; X_BITS         ; 12    ; Signed Integer                        ;
; Y_BITS         ; 12    ; Signed Integer                        ;
+----------------+-------+---------------------------------------+
Note: In order to hide this table in the UI and the text report file, please set the "Show Parameter Settings in Synthesis Report" option in "Analysis and Synthesis Settings -> More Settings" to "Off".


+------------------------------------------------------------------+
; Parameter Settings for User Entity Instance: pattern_vg:pattern1 ;
+-----------------+-------+----------------------------------------+
; Parameter Name  ; Value ; Type                                   ;
+-----------------+-------+----------------------------------------+
; B               ; 8     ; Signed Integer                         ;
; X_BITS          ; 12    ; Signed Integer                         ;
; Y_BITS          ; 12    ; Signed Integer                         ;
; FRACTIONAL_BITS ; 12    ; Signed Integer                         ;
+-----------------+-------+----------------------------------------+
Note: In order to hide this table in the UI and the text report file, please set the "Show Parameter Settings in Synthesis Report" option in "Analysis and Synthesis Settings -> More Settings" to "Off".


+--------------------------------------------------------------+
; Port Connectivity Checks: "pattern_vg:pattern1"              ;
+----------------------------+-------+----------+--------------+
; Port                       ; Type  ; Severity ; Details      ;
+----------------------------+-------+----------+--------------+
; r_in                       ; Input ; Info     ; Stuck at GND ;
; g_in                       ; Input ; Info     ; Stuck at GND ;
; b_in                       ; Input ; Info     ; Stuck at GND ;
; total_active_pix[7..0]     ; Input ; Info     ; Stuck at GND ;
; total_active_pix[11]       ; Input ; Info     ; Stuck at GND ;
; total_active_pix[10]       ; Input ; Info     ; Stuck at VCC ;
; total_active_pix[9]        ; Input ; Info     ; Stuck at GND ;
; total_active_pix[8]        ; Input ; Info     ; Stuck at VCC ;
; total_active_lines[7..6]   ; Input ; Info     ; Stuck at VCC ;
; total_active_lines[11..10] ; Input ; Info     ; Stuck at GND ;
; total_active_lines[3..0]   ; Input ; Info     ; Stuck at GND ;
; total_active_lines[9]      ; Input ; Info     ; Stuck at VCC ;
; total_active_lines[8]      ; Input ; Info     ; Stuck at GND ;
; total_active_lines[5]      ; Input ; Info     ; Stuck at GND ;
; total_active_lines[4]      ; Input ; Info     ; Stuck at VCC ;
; pattern[7..3]              ; Input ; Info     ; Stuck at GND ;
; pattern[1..0]              ; Input ; Info     ; Stuck at GND ;
; pattern[2]                 ; Input ; Info     ; Stuck at VCC ;
; ramp_step[9..8]            ; Input ; Info     ; Stuck at VCC ;
; ramp_step[5..4]            ; Input ; Info     ; Stuck at VCC ;
; ramp_step[1..0]            ; Input ; Info     ; Stuck at VCC ;
; ramp_step[19..10]          ; Input ; Info     ; Stuck at GND ;
; ramp_step[7..6]            ; Input ; Info     ; Stuck at GND ;
; ramp_step[3..2]            ; Input ; Info     ; Stuck at GND ;
+----------------------------+-------+----------+--------------+


+-----------------------------------------------------------------------------------------------------------------------------+
; Port Connectivity Checks: "sync_video:video1"                                                                               ;
+-------------------+--------+----------+-------------------------------------------------------------------------------------+
; Port              ; Type   ; Severity ; Details                                                                             ;
+-------------------+--------+----------+-------------------------------------------------------------------------------------+
; clk_out           ; Output ; Info     ; Explicitly unconnected                                                              ;
; v_total_0[7..5]   ; Input  ; Info     ; Stuck at VCC                                                                        ;
; v_total_0[3..1]   ; Input  ; Info     ; Stuck at VCC                                                                        ;
; v_total_0[11..10] ; Input  ; Info     ; Stuck at GND                                                                        ;
; v_total_0[9]      ; Input  ; Info     ; Stuck at VCC                                                                        ;
; v_total_0[8]      ; Input  ; Info     ; Stuck at GND                                                                        ;
; v_total_0[4]      ; Input  ; Info     ; Stuck at GND                                                                        ;
; v_total_0[0]      ; Input  ; Info     ; Stuck at GND                                                                        ;
; v_fp_0[11..3]     ; Input  ; Info     ; Stuck at GND                                                                        ;
; v_fp_0[2]         ; Input  ; Info     ; Stuck at VCC                                                                        ;
; v_fp_0[1]         ; Input  ; Info     ; Stuck at GND                                                                        ;
; v_fp_0[0]         ; Input  ; Info     ; Stuck at VCC                                                                        ;
; v_bp_0[11..5]     ; Input  ; Info     ; Stuck at GND                                                                        ;
; v_bp_0[1..0]      ; Input  ; Info     ; Stuck at GND                                                                        ;
; v_bp_0[4]         ; Input  ; Info     ; Stuck at VCC                                                                        ;
; v_bp_0[3]         ; Input  ; Info     ; Stuck at GND                                                                        ;
; v_bp_0[2]         ; Input  ; Info     ; Stuck at VCC                                                                        ;
; v_sync_0[11..3]   ; Input  ; Info     ; Stuck at GND                                                                        ;
; v_sync_0[2]       ; Input  ; Info     ; Stuck at VCC                                                                        ;
; v_sync_0[1]       ; Input  ; Info     ; Stuck at GND                                                                        ;
; v_sync_0[0]       ; Input  ; Info     ; Stuck at VCC                                                                        ;
; v_total_1         ; Input  ; Info     ; Stuck at GND                                                                        ;
; v_fp_1            ; Input  ; Info     ; Stuck at GND                                                                        ;
; v_bp_1            ; Input  ; Info     ; Stuck at GND                                                                        ;
; v_sync_1          ; Input  ; Info     ; Stuck at GND                                                                        ;
; h_total[10..9]    ; Input  ; Info     ; Stuck at VCC                                                                        ;
; h_total[6..4]     ; Input  ; Info     ; Stuck at VCC                                                                        ;
; h_total[8..7]     ; Input  ; Info     ; Stuck at GND                                                                        ;
; h_total[3..2]     ; Input  ; Info     ; Stuck at GND                                                                        ;
; h_total[11]       ; Input  ; Info     ; Stuck at GND                                                                        ;
; h_total[1]        ; Input  ; Info     ; Stuck at VCC                                                                        ;
; h_total[0]        ; Input  ; Info     ; Stuck at GND                                                                        ;
; h_fp[6..5]        ; Input  ; Info     ; Stuck at VCC                                                                        ;
; h_fp[3..1]        ; Input  ; Info     ; Stuck at VCC                                                                        ;
; h_fp[11..7]       ; Input  ; Info     ; Stuck at GND                                                                        ;
; h_fp[4]           ; Input  ; Info     ; Stuck at GND                                                                        ;
; h_fp[0]           ; Input  ; Info     ; Stuck at GND                                                                        ;
; h_bp[7..6]        ; Input  ; Info     ; Stuck at VCC                                                                        ;
; h_bp[4..2]        ; Input  ; Info     ; Stuck at VCC                                                                        ;
; h_bp[11..8]       ; Input  ; Info     ; Stuck at GND                                                                        ;
; h_bp[1..0]        ; Input  ; Info     ; Stuck at GND                                                                        ;
; h_bp[5]           ; Input  ; Info     ; Stuck at GND                                                                        ;
; h_sync[11..6]     ; Input  ; Info     ; Stuck at GND                                                                        ;
; h_sync[2..0]      ; Input  ; Info     ; Stuck at GND                                                                        ;
; h_sync[5]         ; Input  ; Info     ; Stuck at VCC                                                                        ;
; h_sync[4]         ; Input  ; Info     ; Stuck at GND                                                                        ;
; h_sync[3]         ; Input  ; Info     ; Stuck at VCC                                                                        ;
; hv_offset_0       ; Input  ; Info     ; Stuck at GND                                                                        ;
; hv_offset_1       ; Input  ; Info     ; Stuck at GND                                                                        ;
; v_count_out       ; Output ; Info     ; Explicitly unconnected                                                              ;
; h_count_out       ; Output ; Info     ; Explicitly unconnected                                                              ;
; y_out[12]         ; Output ; Info     ; Connected to dangling logic. Logic that only feeds a dangling port will be removed. ;
; field_out         ; Output ; Info     ; Connected to dangling logic. Logic that only feeds a dangling port will be removed. ;
+-------------------+--------+----------+-------------------------------------------------------------------------------------+


+-----------------------------------------------------+
; Post-Synthesis Netlist Statistics for Top Partition ;
+-----------------------+-----------------------------+
; Type                  ; Count                       ;
+-----------------------+-----------------------------+
; arriav_ff             ; 98                          ;
;     ENA               ; 20                          ;
;     ENA SCLR          ; 32                          ;
;     SCLR              ; 15                          ;
;     plain             ; 31                          ;
; arriav_lcell_comb     ; 112                         ;
;     arith             ; 54                          ;
;         1 data inputs ; 54                          ;
;     normal            ; 58                          ;
;         0 data inputs ; 1                           ;
;         1 data inputs ; 2                           ;
;         2 data inputs ; 3                           ;
;         3 data inputs ; 5                           ;
;         4 data inputs ; 7                           ;
;         5 data inputs ; 33                          ;
;         6 data inputs ; 7                           ;
; boundary_port         ; 48                          ;
;                       ;                             ;
; Max LUT depth         ; 3.90                        ;
; Average LUT depth     ; 2.13                        ;
+-----------------------+-----------------------------+


+-------------------------------+
; Elapsed Time Per Partition    ;
+----------------+--------------+
; Partition Name ; Elapsed Time ;
+----------------+--------------+
; Top            ; 00:00:00     ;
+----------------+--------------+


+-------------------------------+
; Analysis & Synthesis Messages ;
+-------------------------------+
Info: *******************************************************************
Info: Running Quartus Prime Analysis & Synthesis
    Info: Version 20.1.1 Build 720 11/11/2020 SJ Lite Edition
    Info: Processing started: Wed May 11 15:09:25 2022
Info: Command: quartus_map --read_settings_files=on --write_settings_files=off videoSync -c videoSync
Warning (18236): Number of processors has not been specified which may cause overloading on shared machines.  Set the global assignment NUM_PARALLEL_PROCESSORS in your QSF to an appropriate value for best performance.
Info (20030): Parallel compilation is enabled and will use 4 of the 4 processors detected
Info (12021): Found 1 design units, including 1 entities, in source file videosync.v
    Info (12023): Found entity 1: videoSync File: C:/AdvDigDes/videoSyncExample/videoSync.v Line: 3
Info (12021): Found 1 design units, including 1 entities, in source file sync_video.v
    Info (12023): Found entity 1: sync_video File: C:/AdvDigDes/videoSyncExample/sync_video.v Line: 7
Info (12021): Found 1 design units, including 1 entities, in source file pattern_vg.v
    Info (12023): Found entity 1: pattern_vg File: C:/AdvDigDes/videoSyncExample/pattern_vg.v Line: 3
Warning (10236): Verilog HDL Implicit Net warning at videoSync.v(65): created implicit net for "vs" File: C:/AdvDigDes/videoSyncExample/videoSync.v Line: 65
Warning (10236): Verilog HDL Implicit Net warning at videoSync.v(66): created implicit net for "hs" File: C:/AdvDigDes/videoSyncExample/videoSync.v Line: 66
Warning (10236): Verilog HDL Implicit Net warning at videoSync.v(67): created implicit net for "de" File: C:/AdvDigDes/videoSyncExample/videoSync.v Line: 67
Warning (10236): Verilog HDL Implicit Net warning at videoSync.v(72): created implicit net for "field" File: C:/AdvDigDes/videoSyncExample/videoSync.v Line: 72
Warning (10236): Verilog HDL Implicit Net warning at videoSync.v(88): created implicit net for "vs_out" File: C:/AdvDigDes/videoSyncExample/videoSync.v Line: 88
Warning (10236): Verilog HDL Implicit Net warning at videoSync.v(89): created implicit net for "hs_out" File: C:/AdvDigDes/videoSyncExample/videoSync.v Line: 89
Warning (10236): Verilog HDL Implicit Net warning at videoSync.v(90): created implicit net for "de_out" File: C:/AdvDigDes/videoSyncExample/videoSync.v Line: 90
Info (12127): Elaborating entity "videoSync" for the top level hierarchy
Info (12128): Elaborating entity "sync_video" for hierarchy "sync_video:video1" File: C:/AdvDigDes/videoSyncExample/videoSync.v Line: 73
Warning (10230): Verilog HDL assignment warning at sync_video.v(65): truncated value with size 32 to match size of target (12) File: C:/AdvDigDes/videoSyncExample/sync_video.v Line: 65
Warning (10230): Verilog HDL assignment warning at sync_video.v(82): truncated value with size 32 to match size of target (12) File: C:/AdvDigDes/videoSyncExample/sync_video.v Line: 82
Info (12128): Elaborating entity "pattern_vg" for hierarchy "pattern_vg:pattern1" File: C:/AdvDigDes/videoSyncExample/videoSync.v Line: 98
Warning (13024): Output pins are stuck at VCC or GND
    Warning (13410): Pin "adv7511_d[0]" is stuck at GND File: C:/AdvDigDes/videoSyncExample/videoSync.v Line: 105
    Warning (13410): Pin "adv7511_d[1]" is stuck at GND File: C:/AdvDigDes/videoSyncExample/videoSync.v Line: 105
    Warning (13410): Pin "adv7511_d[2]" is stuck at GND File: C:/AdvDigDes/videoSyncExample/videoSync.v Line: 105
    Warning (13410): Pin "adv7511_d[3]" is stuck at GND File: C:/AdvDigDes/videoSyncExample/videoSync.v Line: 105
    Warning (13410): Pin "adv7511_d[12]" is stuck at GND File: C:/AdvDigDes/videoSyncExample/videoSync.v Line: 105
    Warning (13410): Pin "adv7511_d[13]" is stuck at GND File: C:/AdvDigDes/videoSyncExample/videoSync.v Line: 105
    Warning (13410): Pin "adv7511_d[14]" is stuck at GND File: C:/AdvDigDes/videoSyncExample/videoSync.v Line: 105
    Warning (13410): Pin "adv7511_d[15]" is stuck at GND File: C:/AdvDigDes/videoSyncExample/videoSync.v Line: 105
    Warning (13410): Pin "adv7511_d[24]" is stuck at GND File: C:/AdvDigDes/videoSyncExample/videoSync.v Line: 105
    Warning (13410): Pin "adv7511_d[25]" is stuck at GND File: C:/AdvDigDes/videoSyncExample/videoSync.v Line: 105
    Warning (13410): Pin "adv7511_d[26]" is stuck at GND File: C:/AdvDigDes/videoSyncExample/videoSync.v Line: 105
    Warning (13410): Pin "adv7511_d[27]" is stuck at GND File: C:/AdvDigDes/videoSyncExample/videoSync.v Line: 105
Info (286030): Timing-Driven Synthesis is running
Info (17049): 12 registers lost all their fanouts during netlist optimizations.
Info (16010): Generating hard_block partition "hard_block:auto_generated_inst"
    Info (16011): Adding 0 node(s), including 0 DDIO, 0 PLL, 0 transceiver and 0 LCELL
Warning (21074): Design contains 6 input pin(s) that do not drive logic
    Warning (15610): No output dependent on input pin "pb[0]" File: C:/AdvDigDes/videoSyncExample/videoSync.v Line: 27
    Warning (15610): No output dependent on input pin "pb[1]" File: C:/AdvDigDes/videoSyncExample/videoSync.v Line: 27
    Warning (15610): No output dependent on input pin "pb[2]" File: C:/AdvDigDes/videoSyncExample/videoSync.v Line: 27
    Warning (15610): No output dependent on input pin "pb[3]" File: C:/AdvDigDes/videoSyncExample/videoSync.v Line: 27
    Warning (15610): No output dependent on input pin "pb[4]" File: C:/AdvDigDes/videoSyncExample/videoSync.v Line: 27
    Warning (15610): No output dependent on input pin "pb[5]" File: C:/AdvDigDes/videoSyncExample/videoSync.v Line: 27
Info (21057): Implemented 198 device resources after synthesis - the final resource count might be different
    Info (21058): Implemented 8 input pins
    Info (21059): Implemented 40 output pins
    Info (21061): Implemented 150 logic cells
Info: Quartus Prime Analysis & Synthesis was successful. 0 errors, 30 warnings
    Info: Peak virtual memory: 4822 megabytes
    Info: Processing ended: Wed May 11 15:09:32 2022
    Info: Elapsed time: 00:00:07
    Info: Total CPU time (on all processors): 00:00:16


